2019-05-30 10:57:33 INFO  DriverManager:23 - New driver instantiated
2019-05-30 10:57:33 INFO  DriverManager:23 - New driver instantiated
2019-05-30 10:57:41 INFO  FunctionalTest:20 - Web application launched
2019-05-30 10:57:41 INFO  DriverManager:23 - New driver instantiated
2019-05-30 10:57:41 INFO  FunctionalTest:20 - Web application launched
2019-05-30 10:57:41 INFO  DriverManager:23 - New driver instantiated
2019-05-30 10:57:41 INFO  DriverManager:23 - New driver instantiated
2019-05-30 10:57:41 INFO  DriverManager:23 - New driver instantiated
2019-05-30 10:57:41 INFO  DriverManager:23 - New driver instantiated
2019-05-30 10:57:41 INFO  DriverManager:23 - New driver instantiated
2019-05-30 10:57:41 INFO  DriverManager:23 - New driver instantiated
2019-05-30 10:57:41 INFO  DriverManager:23 - New driver instantiated
2019-05-30 10:57:41 INFO  DriverManager:23 - New driver instantiated
2019-05-30 10:57:41 INFO  DriverManager:23 - New driver instantiated
2019-05-30 10:57:41 INFO  DriverManager:23 - New driver instantiated
2019-05-30 10:57:41 INFO  DriverManager:23 - New driver instantiated
2019-05-30 10:57:41 INFO  DriverManager:23 - New driver instantiated
2019-05-30 10:57:41 INFO  DriverManager:23 - New driver instantiated
2019-05-30 10:57:41 INFO  AutorizationBO:12 - User enter emailtest2mailselenium@gmail.com in the login text box
2019-05-30 10:57:41 INFO  AutorizationBO:12 - User enter emailtest3mailSelenium@gmail.com in the login text box
2019-05-30 10:57:42 INFO  DriverManager:23 - New driver instantiated
2019-05-30 10:57:42 INFO  DriverManager:23 - New driver instantiated
2019-05-30 10:57:43 INFO  AutorizationBO:18 - Password enter passwordqwerty123QWERin the Password text box
2019-05-30 10:57:43 INFO  AutorizationBO:18 - Password enter passwordDriverManagerin the Password text box
2019-05-30 10:57:43 INFO  DriverManager:23 - New driver instantiated
2019-05-30 10:57:44 INFO  DriverManager:23 - New driver instantiated
2019-05-30 10:57:50 INFO  MarkAndDeleteImportantMessageBO:46 - 3 conversation marked as important
2019-05-30 10:57:50 INFO  DriverManager:23 - New driver instantiated
2019-05-30 10:58:00 INFO  MarkAndDeleteImportantMessageBO:46 - 3 conversation marked as important
2019-05-30 10:58:00 INFO  DriverManager:23 - New driver instantiated
2019-05-30 10:58:00 INFO  FunctionalTest:27 - Browser closed
2019-05-30 10:58:32 INFO  DriverManager:23 - New driver instantiated
2019-05-30 10:58:32 INFO  DriverManager:23 - New driver instantiated
2019-05-30 10:58:40 INFO  FunctionalTest:20 - Web application launched
2019-05-30 10:58:40 INFO  DriverManager:23 - New driver instantiated
2019-05-30 10:58:40 INFO  FunctionalTest:20 - Web application launched
2019-05-30 10:58:40 INFO  DriverManager:23 - New driver instantiated
2019-05-30 10:58:40 INFO  DriverManager:23 - New driver instantiated
2019-05-30 10:58:40 INFO  DriverManager:23 - New driver instantiated
2019-05-30 10:58:40 INFO  DriverManager:23 - New driver instantiated
2019-05-30 10:58:40 INFO  DriverManager:23 - New driver instantiated
2019-05-30 10:58:40 INFO  DriverManager:23 - New driver instantiated
2019-05-30 10:58:40 INFO  DriverManager:23 - New driver instantiated
2019-05-30 10:58:40 INFO  DriverManager:23 - New driver instantiated
2019-05-30 10:58:40 INFO  DriverManager:23 - New driver instantiated
2019-05-30 10:58:40 INFO  DriverManager:23 - New driver instantiated
2019-05-30 10:58:40 INFO  DriverManager:23 - New driver instantiated
2019-05-30 10:58:40 INFO  DriverManager:23 - New driver instantiated
2019-05-30 10:58:40 INFO  DriverManager:23 - New driver instantiated
2019-05-30 10:58:40 INFO  AutorizationBO:12 - User enter emailtest3mailSelenium@gmail.com in the login text box
2019-05-30 10:58:40 INFO  AutorizationBO:12 - User enter emailtest2mailselenium@gmail.com in the login text box
2019-05-30 10:58:41 INFO  DriverManager:23 - New driver instantiated
2019-05-30 10:58:41 INFO  DriverManager:23 - New driver instantiated
2019-05-30 10:58:42 INFO  AutorizationBO:18 - Password enter passwordDriverManagerin the Password text box
2019-05-30 10:58:42 INFO  AutorizationBO:18 - Password enter passwordqwerty123QWERin the Password text box
2019-05-30 10:58:42 INFO  DriverManager:23 - New driver instantiated
2019-05-30 10:58:42 INFO  DriverManager:23 - New driver instantiated
2019-05-30 10:59:43 INFO  MarkAndDeleteImportantMessageBO:46 - 3 conversation marked as important
2019-05-30 10:59:43 INFO  DriverManager:23 - New driver instantiated
2019-05-30 10:59:43 INFO  MarkAndDeleteImportantMessageBO:46 - 3 conversation marked as important
2019-05-30 10:59:47 INFO  DriverManager:23 - New driver instantiated
2019-05-30 10:59:47 INFO  DriverManager:23 - New driver instantiated
2019-05-30 10:59:48 INFO  MarkAndDeleteImportantMessageBO:46 - 3 conversation marked as important
2019-05-30 10:59:48 INFO  DriverManager:23 - New driver instantiated
2019-05-30 10:59:48 INFO  MarkAndDeleteImportantMessageBO:51 - Messages was choosen
2019-05-30 10:59:48 INFO  MarkAndDeleteImportantMessageBO:53 - Conversations are deleted
2019-05-30 10:59:48 INFO  DriverManager:23 - New driver instantiated
2019-05-30 10:59:48 INFO  DriverManager:23 - New driver instantiated
2019-05-30 10:59:49 INFO  FunctionalTest:27 - Browser closed
2019-05-30 11:00:17 INFO  DriverManager:23 - New driver instantiated
2019-05-30 11:00:17 INFO  DriverManager:23 - New driver instantiated
2019-05-30 11:00:25 INFO  FunctionalTest:20 - Web application launched
2019-05-30 11:00:25 INFO  DriverManager:23 - New driver instantiated
2019-05-30 11:00:25 INFO  FunctionalTest:20 - Web application launched
2019-05-30 11:00:25 INFO  DriverManager:23 - New driver instantiated
2019-05-30 11:00:25 INFO  DriverManager:23 - New driver instantiated
2019-05-30 11:00:25 INFO  DriverManager:23 - New driver instantiated
2019-05-30 11:00:25 INFO  DriverManager:23 - New driver instantiated
2019-05-30 11:00:25 INFO  DriverManager:23 - New driver instantiated
2019-05-30 11:00:25 INFO  DriverManager:23 - New driver instantiated
2019-05-30 11:00:25 INFO  DriverManager:23 - New driver instantiated
2019-05-30 11:00:25 INFO  DriverManager:23 - New driver instantiated
2019-05-30 11:00:25 INFO  DriverManager:23 - New driver instantiated
2019-05-30 11:00:25 INFO  DriverManager:23 - New driver instantiated
2019-05-30 11:00:25 INFO  DriverManager:23 - New driver instantiated
2019-05-30 11:00:25 INFO  DriverManager:23 - New driver instantiated
2019-05-30 11:00:25 INFO  DriverManager:23 - New driver instantiated
2019-05-30 11:00:25 INFO  AutorizationBO:12 - User enter emailtest3mailSelenium@gmail.com in the login text box
2019-05-30 11:00:25 INFO  AutorizationBO:12 - User enter emailtest2mailselenium@gmail.com in the login text box
2019-05-30 11:00:26 INFO  DriverManager:23 - New driver instantiated
2019-05-30 11:00:26 INFO  DriverManager:23 - New driver instantiated
2019-05-30 11:00:26 INFO  AutorizationBO:18 - Password enter passwordDriverManagerin the Password text box
2019-05-30 11:00:26 INFO  AutorizationBO:18 - Password enter passwordqwerty123QWERin the Password text box
2019-05-30 11:00:27 INFO  DriverManager:23 - New driver instantiated
2019-05-30 11:00:27 INFO  DriverManager:23 - New driver instantiated
2019-05-30 11:00:55 INFO  MarkAndDeleteImportantMessageBO:46 - 3 conversation marked as important
2019-05-30 11:00:55 INFO  DriverManager:23 - New driver instantiated
2019-05-30 11:00:55 INFO  MarkAndDeleteImportantMessageBO:46 - 3 conversation marked as important
2019-05-30 11:00:55 INFO  DriverManager:23 - New driver instantiated
2019-05-30 11:00:56 INFO  DriverManager:23 - New driver instantiated
2019-05-30 11:00:56 INFO  DriverManager:23 - New driver instantiated
2019-05-30 11:00:56 INFO  DriverManager:23 - New driver instantiated
2019-05-30 11:00:56 INFO  DriverManager:23 - New driver instantiated
2019-05-30 11:00:57 INFO  MarkAndDeleteImportantMessageBO:51 - Messages was choosen
2019-05-30 11:00:57 INFO  MarkAndDeleteImportantMessageBO:53 - Conversations are deleted
2019-05-30 11:00:57 INFO  DriverManager:23 - New driver instantiated
2019-05-30 11:00:57 INFO  DriverManager:23 - New driver instantiated
2019-05-30 11:00:58 INFO  MarkAndDeleteImportantMessageBO:51 - Messages was choosen
2019-05-30 11:00:58 INFO  MarkAndDeleteImportantMessageBO:53 - Conversations are deleted
2019-05-30 11:00:58 INFO  DriverManager:23 - New driver instantiated
2019-05-30 11:00:58 INFO  DriverManager:23 - New driver instantiated
2019-05-30 11:00:58 INFO  FunctionalTest:27 - Browser closed
2019-05-30 11:00:59 INFO  FunctionalTest:27 - Browser closed
2019-05-30 11:01:26 INFO  DriverManager:23 - New driver instantiated
2019-05-30 11:01:26 INFO  DriverManager:23 - New driver instantiated
2019-05-30 11:01:33 INFO  FunctionalTest:20 - Web application launched
2019-05-30 11:01:33 INFO  DriverManager:23 - New driver instantiated
2019-05-30 11:01:33 INFO  DriverManager:23 - New driver instantiated
2019-05-30 11:01:34 INFO  DriverManager:23 - New driver instantiated
2019-05-30 11:01:34 INFO  DriverManager:23 - New driver instantiated
2019-05-30 11:01:34 INFO  DriverManager:23 - New driver instantiated
2019-05-30 11:01:34 INFO  DriverManager:23 - New driver instantiated
2019-05-30 11:01:34 INFO  DriverManager:23 - New driver instantiated
2019-05-30 11:01:34 INFO  AutorizationBO:12 - User enter emailtest2mailselenium@gmail.com in the login text box
2019-05-30 11:01:34 INFO  FunctionalTest:20 - Web application launched
2019-05-30 11:01:34 INFO  DriverManager:23 - New driver instantiated
2019-05-30 11:01:34 INFO  DriverManager:23 - New driver instantiated
2019-05-30 11:01:34 INFO  DriverManager:23 - New driver instantiated
2019-05-30 11:01:34 INFO  DriverManager:23 - New driver instantiated
2019-05-30 11:01:34 INFO  DriverManager:23 - New driver instantiated
2019-05-30 11:01:34 INFO  DriverManager:23 - New driver instantiated
2019-05-30 11:01:34 INFO  DriverManager:23 - New driver instantiated
2019-05-30 11:01:34 INFO  AutorizationBO:12 - User enter emailtest3mailSelenium@gmail.com in the login text box
2019-05-30 11:01:34 INFO  DriverManager:23 - New driver instantiated
2019-05-30 11:01:34 INFO  DriverManager:23 - New driver instantiated
2019-05-30 11:01:35 INFO  AutorizationBO:18 - Password enter passwordqwerty123QWERin the Password text box
2019-05-30 11:01:35 INFO  AutorizationBO:18 - Password enter passwordDriverManagerin the Password text box
2019-05-30 11:01:36 INFO  DriverManager:23 - New driver instantiated
2019-05-30 11:01:36 INFO  DriverManager:23 - New driver instantiated
2019-05-30 11:01:51 INFO  MarkAndDeleteImportantMessageBO:46 - 3 conversation marked as important
2019-05-30 11:01:51 INFO  DriverManager:23 - New driver instantiated
2019-05-30 11:01:51 INFO  DriverManager:23 - New driver instantiated
2019-05-30 11:01:52 INFO  DriverManager:23 - New driver instantiated
2019-05-30 11:01:52 INFO  MarkAndDeleteImportantMessageBO:46 - 3 conversation marked as important
2019-05-30 11:01:52 INFO  DriverManager:23 - New driver instantiated
2019-05-30 11:01:52 INFO  DriverManager:23 - New driver instantiated
2019-05-30 11:01:52 INFO  DriverManager:23 - New driver instantiated
2019-05-30 11:01:53 INFO  MarkAndDeleteImportantMessageBO:51 - Messages was choosen
2019-05-30 11:01:53 INFO  MarkAndDeleteImportantMessageBO:53 - Conversations are deleted
2019-05-30 11:01:53 INFO  DriverManager:23 - New driver instantiated
2019-05-30 11:01:53 INFO  DriverManager:23 - New driver instantiated
2019-05-30 11:01:54 INFO  MarkAndDeleteImportantMessageBO:51 - Messages was choosen
2019-05-30 11:01:54 INFO  MarkAndDeleteImportantMessageBO:53 - Conversations are deleted
2019-05-30 11:01:54 INFO  DriverManager:23 - New driver instantiated
2019-05-30 11:01:54 INFO  DriverManager:23 - New driver instantiated
2019-05-30 11:01:54 INFO  FunctionalTest:27 - Browser closed
2019-05-30 11:01:55 INFO  FunctionalTest:27 - Browser closed
2019-05-30 11:42:22 INFO  DriverManager:23 - New driver instantiated
2019-05-30 11:42:22 INFO  DriverManager:23 - New driver instantiated
2019-05-30 11:42:31 INFO  FunctionalTest:20 - Web application launched
2019-05-30 11:42:31 INFO  DriverManager:23 - New driver instantiated
2019-05-30 11:42:32 INFO  DriverManager:23 - New driver instantiated
2019-05-30 11:42:32 INFO  DriverManager:23 - New driver instantiated
2019-05-30 11:42:32 INFO  DriverManager:23 - New driver instantiated
2019-05-30 11:42:32 INFO  DriverManager:23 - New driver instantiated
2019-05-30 11:42:32 INFO  DriverManager:23 - New driver instantiated
2019-05-30 11:42:32 INFO  DriverManager:23 - New driver instantiated
2019-05-30 11:42:32 INFO  AutorizationBO:12 - User enter emailtest2mailselenium@gmail.com in the login text box
2019-05-30 11:42:32 INFO  FunctionalTest:20 - Web application launched
2019-05-30 11:42:32 INFO  DriverManager:23 - New driver instantiated
2019-05-30 11:42:32 INFO  DriverManager:23 - New driver instantiated
2019-05-30 11:42:32 INFO  DriverManager:23 - New driver instantiated
2019-05-30 11:42:32 INFO  DriverManager:23 - New driver instantiated
2019-05-30 11:42:32 INFO  DriverManager:23 - New driver instantiated
2019-05-30 11:42:32 INFO  DriverManager:23 - New driver instantiated
2019-05-30 11:42:32 INFO  DriverManager:23 - New driver instantiated
2019-05-30 11:42:32 INFO  AutorizationBO:12 - User enter emailtest3mailSelenium@gmail.com in the login text box
2019-05-30 11:42:33 INFO  DriverManager:23 - New driver instantiated
2019-05-30 11:42:33 INFO  DriverManager:23 - New driver instantiated
2019-05-30 11:42:33 INFO  AutorizationBO:18 - Password enter passwordqwerty123QWERin the Password text box
2019-05-30 11:42:34 INFO  AutorizationBO:18 - Password enter passwordDriverManagerin the Password text box
2019-05-30 11:42:34 INFO  DriverManager:23 - New driver instantiated
2019-05-30 11:42:34 INFO  DriverManager:23 - New driver instantiated
2019-05-30 11:42:42 INFO  MarkAndDeleteImportantMessageBO:46 - 3 conversation marked as important
2019-05-30 11:42:42 INFO  DriverManager:23 - New driver instantiated
2019-05-30 11:42:43 INFO  MarkAndDeleteImportantMessageBO:46 - 3 conversation marked as important
2019-05-30 11:42:43 INFO  DriverManager:23 - New driver instantiated
2019-05-30 11:42:48 INFO  FunctionalTest:27 - Browser closed
2019-05-30 11:42:49 INFO  DriverManager:23 - New driver instantiated
2019-05-30 11:42:49 INFO  DriverManager:23 - New driver instantiated
2019-05-30 11:42:51 INFO  MarkAndDeleteImportantMessageBO:51 - Messages was choosen
2019-05-30 11:42:51 INFO  MarkAndDeleteImportantMessageBO:53 - Conversations are deleted
2019-05-30 11:42:51 INFO  DriverManager:23 - New driver instantiated
2019-05-30 11:42:51 INFO  DriverManager:23 - New driver instantiated
2019-05-30 11:42:52 INFO  FunctionalTest:27 - Browser closed
2019-05-30 11:45:52 INFO  DriverManager:23 - New driver instantiated
2019-05-30 11:45:52 INFO  DriverManager:23 - New driver instantiated
2019-05-30 11:45:57 INFO  FunctionalTest:20 - Web application launched
2019-05-30 11:45:57 INFO  DriverManager:23 - New driver instantiated
2019-05-30 12:25:19 INFO  DriverManager:23 - New driver instantiated
2019-05-30 12:25:19 INFO  DriverManager:23 - New driver instantiated
2019-05-30 12:25:27 INFO  FunctionalTest:20 - Web application launched
2019-05-30 12:25:27 INFO  DriverManager:23 - New driver instantiated
2019-05-30 12:25:27 INFO  FunctionalTest:20 - Web application launched
2019-05-30 12:25:27 INFO  DriverManager:23 - New driver instantiated
2019-05-30 12:25:27 INFO  DriverManager:23 - New driver instantiated
2019-05-30 12:25:27 INFO  DriverManager:23 - New driver instantiated
2019-05-30 12:25:27 INFO  DriverManager:23 - New driver instantiated
2019-05-30 12:25:27 INFO  DriverManager:23 - New driver instantiated
2019-05-30 12:25:27 INFO  DriverManager:23 - New driver instantiated
2019-05-30 12:25:27 INFO  DriverManager:23 - New driver instantiated
2019-05-30 12:25:27 INFO  DriverManager:23 - New driver instantiated
2019-05-30 12:25:27 INFO  DriverManager:23 - New driver instantiated
2019-05-30 12:25:28 INFO  DriverManager:23 - New driver instantiated
2019-05-30 12:25:28 INFO  DriverManager:23 - New driver instantiated
2019-05-30 12:25:28 INFO  DriverManager:23 - New driver instantiated
2019-05-30 12:25:28 INFO  DriverManager:23 - New driver instantiated
2019-05-30 12:25:28 INFO  AutorizationBO:12 - User enter emailtest2mailselenium@gmail.com in the login text box
2019-05-30 12:25:28 INFO  AutorizationBO:12 - User enter emailtest3mailSelenium@gmail.com in the login text box
2019-05-30 12:25:28 INFO  DriverManager:23 - New driver instantiated
2019-05-30 12:25:28 INFO  DriverManager:23 - New driver instantiated
2019-05-30 12:25:29 INFO  AutorizationBO:18 - Password enter passwordqwerty123QWERin the Password text box
2019-05-30 12:25:29 INFO  AutorizationBO:18 - Password enter passwordDriverManagerin the Password text box
2019-05-30 12:25:29 INFO  DriverManager:23 - New driver instantiated
2019-05-30 12:25:30 INFO  DriverManager:23 - New driver instantiated
2019-05-30 12:25:44 INFO  MarkAndDeleteImportantMessageBO:46 - 3 conversation marked as important
2019-05-30 12:25:44 INFO  DriverManager:23 - New driver instantiated
2019-05-30 12:25:44 INFO  DriverManager:23 - New driver instantiated
2019-05-30 12:25:45 INFO  DriverManager:23 - New driver instantiated
2019-05-30 12:25:45 INFO  MarkAndDeleteImportantMessageBO:46 - 3 conversation marked as important
2019-05-30 12:25:45 INFO  DriverManager:23 - New driver instantiated
2019-05-30 12:25:45 INFO  DriverManager:23 - New driver instantiated
2019-05-30 12:25:45 INFO  DriverManager:23 - New driver instantiated
2019-05-30 12:25:46 INFO  MarkAndDeleteImportantMessageBO:51 - Messages was choosen
2019-05-30 12:25:46 INFO  MarkAndDeleteImportantMessageBO:51 - Messages was choosen
2019-05-30 12:25:46 INFO  MarkAndDeleteImportantMessageBO:53 - Conversations are deleted
2019-05-30 12:25:46 INFO  DriverManager:23 - New driver instantiated
2019-05-30 12:25:47 INFO  MarkAndDeleteImportantMessageBO:53 - Conversations are deleted
2019-05-30 12:25:47 INFO  DriverManager:23 - New driver instantiated
2019-05-30 12:25:47 INFO  DriverManager:23 - New driver instantiated
2019-05-30 12:25:47 INFO  DriverManager:23 - New driver instantiated
2019-05-30 12:25:48 INFO  FunctionalTest:27 - Browser closed
2019-05-30 12:25:48 INFO  FunctionalTest:27 - Browser closed
2019-05-30 12:37:49 INFO  DriverManager:23 - New driver instantiated
2019-05-30 12:37:49 INFO  DriverManager:23 - New driver instantiated
2019-05-30 12:37:59 INFO  FunctionalTest:20 - Web application launched
2019-05-30 12:37:59 INFO  DriverManager:23 - New driver instantiated
2019-05-30 12:37:59 INFO  FunctionalTest:20 - Web application launched
2019-05-30 12:37:59 INFO  DriverManager:23 - New driver instantiated
2019-05-30 12:37:59 INFO  DriverManager:23 - New driver instantiated
2019-05-30 12:37:59 INFO  DriverManager:23 - New driver instantiated
2019-05-30 12:37:59 INFO  DriverManager:23 - New driver instantiated
2019-05-30 12:37:59 INFO  DriverManager:23 - New driver instantiated
2019-05-30 12:37:59 INFO  DriverManager:23 - New driver instantiated
2019-05-30 12:37:59 INFO  DriverManager:23 - New driver instantiated
2019-05-30 12:37:59 INFO  DriverManager:23 - New driver instantiated
2019-05-30 12:37:59 INFO  DriverManager:23 - New driver instantiated
2019-05-30 12:37:59 INFO  DriverManager:23 - New driver instantiated
2019-05-30 12:37:59 INFO  DriverManager:23 - New driver instantiated
2019-05-30 12:37:59 INFO  DriverManager:23 - New driver instantiated
2019-05-30 12:37:59 INFO  DriverManager:23 - New driver instantiated
2019-05-30 12:37:59 INFO  AutorizationBO:12 - User enter emailtest3mailSelenium@gmail.com in the login text box
2019-05-30 12:37:59 INFO  AutorizationBO:12 - User enter emailtest2mailselenium@gmail.com in the login text box
2019-05-30 12:38:00 INFO  DriverManager:23 - New driver instantiated
2019-05-30 12:38:00 INFO  DriverManager:23 - New driver instantiated
2019-05-30 12:38:01 INFO  AutorizationBO:18 - Password enter passwordDriverManagerin the Password text box
2019-05-30 12:38:01 INFO  AutorizationBO:18 - Password enter passwordqwerty123QWERin the Password text box
2019-05-30 12:38:02 INFO  DriverManager:23 - New driver instantiated
2019-05-30 12:38:02 INFO  DriverManager:23 - New driver instantiated
2019-05-30 12:38:11 INFO  MarkAndDeleteImportantMessageBO:46 - 3 conversation marked as important
2019-05-30 12:38:11 INFO  DriverManager:23 - New driver instantiated
2019-05-30 12:38:18 INFO  MarkAndDeleteImportantMessageBO:46 - 3 conversation marked as important
2019-05-30 12:38:18 INFO  DriverManager:23 - New driver instantiated
2019-05-30 12:38:18 INFO  DriverManager:23 - New driver instantiated
2019-05-30 12:38:19 INFO  DriverManager:23 - New driver instantiated
2019-05-30 12:38:19 INFO  FunctionalTest:27 - Browser closed
2019-05-30 12:38:21 INFO  MarkAndDeleteImportantMessageBO:51 - Messages was choosen
2019-05-30 12:38:21 INFO  MarkAndDeleteImportantMessageBO:53 - Conversations are deleted
2019-05-30 12:38:21 INFO  DriverManager:23 - New driver instantiated
2019-05-30 12:38:21 INFO  DriverManager:23 - New driver instantiated
2019-05-30 12:38:22 INFO  FunctionalTest:27 - Browser closed
2019-05-30 13:18:51 INFO  DriverManager:23 - New driver instantiated
2019-05-30 13:18:51 INFO  DriverManager:23 - New driver instantiated
2019-05-30 13:18:59 INFO  FunctionalTest:20 - Web application launched
2019-05-30 13:18:59 INFO  DriverManager:23 - New driver instantiated
2019-05-30 13:27:07 INFO  DriverManager:23 - New driver instantiated
2019-05-30 13:27:07 INFO  DriverManager:23 - New driver instantiated
2019-05-30 13:27:15 INFO  FunctionalTest:20 - Web application launched
2019-05-30 13:27:15 INFO  DriverManager:23 - New driver instantiated
2019-05-30 13:27:16 INFO  FunctionalTest:20 - Web application launched
2019-05-30 13:27:16 INFO  DriverManager:23 - New driver instantiated
2019-05-30 13:27:16 INFO  DriverManager:23 - New driver instantiated
2019-05-30 13:27:16 INFO  DriverManager:23 - New driver instantiated
2019-05-30 13:27:16 INFO  DriverManager:23 - New driver instantiated
2019-05-30 13:27:16 INFO  DriverManager:23 - New driver instantiated
2019-05-30 13:27:16 INFO  DriverManager:23 - New driver instantiated
2019-05-30 13:27:16 INFO  DriverManager:23 - New driver instantiated
2019-05-30 13:27:16 INFO  AutorizationBO:12 - User enter emailtest3mailSelenium@gmail.com in the login text box
2019-05-30 13:27:17 INFO  DriverManager:23 - New driver instantiated
2019-05-30 14:11:13 INFO  DriverManager:23 - New driver instantiated
2019-05-30 14:11:13 INFO  DriverManager:23 - New driver instantiated
2019-05-30 14:11:22 INFO  FunctionalTest:20 - Web application launched
2019-05-30 14:11:22 INFO  DriverManager:23 - New driver instantiated
2019-05-30 14:11:22 INFO  DriverManager:23 - New driver instantiated
2019-05-30 14:11:22 INFO  DriverManager:23 - New driver instantiated
2019-05-30 14:11:22 INFO  FunctionalTest:20 - Web application launched
2019-05-30 14:11:22 INFO  DriverManager:23 - New driver instantiated
2019-05-30 14:11:22 INFO  DriverManager:23 - New driver instantiated
2019-05-30 14:11:22 INFO  DriverManager:23 - New driver instantiated
2019-05-30 14:11:22 INFO  DriverManager:23 - New driver instantiated
2019-05-30 14:11:22 INFO  DriverManager:23 - New driver instantiated
2019-05-30 14:11:22 INFO  DriverManager:23 - New driver instantiated
2019-05-30 14:11:22 INFO  DriverManager:23 - New driver instantiated
2019-05-30 14:11:22 INFO  DriverManager:23 - New driver instantiated
2019-05-30 14:11:22 INFO  DriverManager:23 - New driver instantiated
2019-05-30 14:11:22 INFO  DriverManager:23 - New driver instantiated
2019-05-30 14:11:22 INFO  DriverManager:23 - New driver instantiated
2019-05-30 14:11:22 INFO  AutorizationBO:12 - User enter emailtest2mailselenium@gmail.com in the login text box
2019-05-30 14:11:22 INFO  AutorizationBO:12 - User enter emailtest3mailSelenium@gmail.com in the login text box
2019-05-30 14:11:23 INFO  DriverManager:23 - New driver instantiated
2019-05-30 14:11:23 INFO  DriverManager:23 - New driver instantiated
2019-05-30 14:11:24 INFO  AutorizationBO:18 - Password enter passwordqwerty123QWERin the Password text box
2019-05-30 14:11:24 INFO  AutorizationBO:18 - Password enter passwordDriverManagerin the Password text box
2019-05-30 14:11:24 INFO  DriverManager:23 - New driver instantiated
2019-05-30 14:11:24 INFO  DriverManager:23 - New driver instantiated
2019-05-30 14:11:40 INFO  MarkAndDeleteImportantMessageBO:46 - 3 conversation marked as important
2019-05-30 14:11:40 INFO  DriverManager:23 - New driver instantiated
2019-05-30 14:11:40 INFO  DriverManager:23 - New driver instantiated
2019-05-30 14:11:40 INFO  MarkAndDeleteImportantMessageBO:46 - 3 conversation marked as important
2019-05-30 14:11:40 INFO  DriverManager:23 - New driver instantiated
2019-05-30 14:11:40 INFO  DriverManager:23 - New driver instantiated
2019-05-30 14:11:41 INFO  DriverManager:23 - New driver instantiated
2019-05-30 14:11:43 INFO  FunctionalTest:27 - Browser closed
2019-05-30 14:11:45 INFO  FunctionalTest:27 - Browser closed
2019-05-30 16:38:10 INFO  DriverManager:23 - New driver instantiated
2019-05-30 16:38:10 INFO  DriverManager:23 - New driver instantiated
2019-05-30 16:38:20 INFO  FunctionalTest:20 - Web application launched
2019-05-30 16:38:20 INFO  DriverManager:23 - New driver instantiated
2019-05-30 16:38:20 INFO  FunctionalTest:20 - Web application launched
2019-05-30 16:38:20 INFO  DriverManager:23 - New driver instantiated
2019-05-30 16:38:20 INFO  DriverManager:23 - New driver instantiated
2019-05-30 16:38:20 INFO  DriverManager:23 - New driver instantiated
2019-05-30 16:38:20 INFO  DriverManager:23 - New driver instantiated
2019-05-30 16:38:20 INFO  DriverManager:23 - New driver instantiated
2019-05-30 16:38:20 INFO  DriverManager:23 - New driver instantiated
2019-05-30 16:38:20 INFO  DriverManager:23 - New driver instantiated
2019-05-30 16:38:20 INFO  DriverManager:23 - New driver instantiated
2019-05-30 16:38:20 INFO  DriverManager:23 - New driver instantiated
2019-05-30 16:38:20 INFO  DriverManager:23 - New driver instantiated
2019-05-30 16:38:20 INFO  DriverManager:23 - New driver instantiated
2019-05-30 16:38:20 INFO  DriverManager:23 - New driver instantiated
2019-05-30 16:38:20 INFO  DriverManager:23 - New driver instantiated
2019-05-30 16:38:20 INFO  AutorizationBO:12 - User enter emailtest2mailselenium@gmail.com in the login text box
2019-05-30 16:38:20 INFO  AutorizationBO:12 - User enter emailtest3mailSelenium@gmail.com in the login text box
2019-05-30 16:38:21 INFO  DriverManager:23 - New driver instantiated
2019-05-30 16:38:21 INFO  DriverManager:23 - New driver instantiated
2019-05-30 16:38:22 INFO  AutorizationBO:18 - Password enter passwordqwerty123QWERin the Password text box
2019-05-30 16:38:22 INFO  DriverManager:23 - New driver instantiated
2019-05-30 16:38:22 INFO  AutorizationBO:18 - Password enter passwordDriverManagerin the Password text box
2019-05-30 16:38:23 INFO  DriverManager:23 - New driver instantiated
2019-05-30 16:38:36 INFO  MarkAndDeleteImportantMessageBO:46 - 3 conversation marked as important
2019-05-30 16:38:36 INFO  DriverManager:23 - New driver instantiated
2019-05-30 16:38:37 INFO  DriverManager:23 - New driver instantiated
2019-05-30 16:38:37 INFO  DriverManager:23 - New driver instantiated
2019-05-30 16:38:38 INFO  MarkAndDeleteImportantMessageBO:46 - 3 conversation marked as important
2019-05-30 16:38:38 INFO  DriverManager:23 - New driver instantiated
2019-05-30 16:38:38 INFO  DriverManager:23 - New driver instantiated
2019-05-30 16:38:39 INFO  DriverManager:23 - New driver instantiated
2019-05-30 16:38:39 INFO  MarkAndDeleteImportantMessageBO:51 - Messages was choosen
2019-05-30 16:38:39 INFO  MarkAndDeleteImportantMessageBO:53 - Conversations are deleted
2019-05-30 16:38:39 INFO  DriverManager:23 - New driver instantiated
2019-05-30 16:38:39 INFO  DriverManager:23 - New driver instantiated
2019-05-30 16:38:41 INFO  FunctionalTest:27 - Browser closed
2019-05-30 16:38:41 INFO  MarkAndDeleteImportantMessageBO:51 - Messages was choosen
2019-05-30 16:38:41 INFO  MarkAndDeleteImportantMessageBO:53 - Conversations are deleted
2019-05-30 16:38:41 INFO  DriverManager:23 - New driver instantiated
2019-05-30 16:38:41 INFO  DriverManager:23 - New driver instantiated
2019-05-30 16:38:42 INFO  FunctionalTest:27 - Browser closed
2019-05-30 16:41:23 INFO  DriverManager:23 - New driver instantiated
2019-05-30 16:41:23 INFO  DriverManager:23 - New driver instantiated
2019-05-30 16:41:33 INFO  FunctionalTest:20 - Web application launched
2019-05-30 16:41:33 INFO  DriverManager:23 - New driver instantiated
2019-05-30 16:41:33 INFO  FunctionalTest:20 - Web application launched
2019-05-30 16:41:33 INFO  DriverManager:23 - New driver instantiated
2019-05-30 16:41:33 INFO  DriverManager:23 - New driver instantiated
2019-05-30 16:41:33 INFO  DriverManager:23 - New driver instantiated
2019-05-30 16:41:33 INFO  DriverManager:23 - New driver instantiated
2019-05-30 16:41:33 INFO  DriverManager:23 - New driver instantiated
2019-05-30 16:41:33 INFO  DriverManager:23 - New driver instantiated
2019-05-30 16:41:33 INFO  DriverManager:23 - New driver instantiated
2019-05-30 16:41:33 INFO  DriverManager:23 - New driver instantiated
2019-05-30 16:41:33 INFO  DriverManager:23 - New driver instantiated
2019-05-30 16:41:33 INFO  DriverManager:23 - New driver instantiated
2019-05-30 16:41:33 INFO  DriverManager:23 - New driver instantiated
2019-05-30 16:41:33 INFO  DriverManager:23 - New driver instantiated
2019-05-30 16:41:33 INFO  DriverManager:23 - New driver instantiated
2019-05-30 16:41:33 INFO  AutorizationBO:12 - User enter emailtest2mailselenium@gmail.com in the login text box
2019-05-30 16:41:33 INFO  AutorizationBO:12 - User enter emailtest3mailSelenium@gmail.com in the login text box
2019-05-30 16:41:35 INFO  DriverManager:23 - New driver instantiated
2019-05-30 16:41:36 INFO  DriverManager:23 - New driver instantiated
2019-05-30 16:41:37 INFO  AutorizationBO:18 - Password enter passwordDriverManagerin the Password text box
2019-05-30 16:41:38 INFO  DriverManager:23 - New driver instantiated
2019-05-30 16:41:38 INFO  FunctionalTest:27 - Browser closed
2019-05-30 16:41:51 INFO  FunctionalTest:27 - Browser closed
2019-05-31 15:28:11 INFO  DriverManager:23 - New driver instantiated
2019-05-31 15:28:11 INFO  DriverManager:23 - New driver instantiated
2019-05-31 15:28:20 INFO  FunctionalTest:22 - Web application launched
2019-05-31 15:28:20 INFO  DriverManager:23 - New driver instantiated
2019-05-31 15:28:20 INFO  FunctionalTest:22 - Web application launched
2019-05-31 15:28:20 INFO  DriverManager:23 - New driver instantiated
2019-05-31 15:28:21 INFO  DriverManager:18 - Teststarted running:chooseSomeImportantMessagesAndDeleteThem at:1559305701232
2019-05-31 15:28:21 INFO  DriverManager:18 - Teststarted running:chooseSomeImportantMessagesAndDeleteThem at:1559305701237
2019-05-31 15:28:21 INFO  DriverManager:23 - New driver instantiated
2019-05-31 15:28:21 INFO  DriverManager:23 - New driver instantiated
2019-05-31 15:28:21 INFO  DriverManager:23 - New driver instantiated
2019-05-31 15:28:21 INFO  DriverManager:23 - New driver instantiated
2019-05-31 15:28:21 INFO  DriverManager:23 - New driver instantiated
2019-05-31 15:28:21 INFO  DriverManager:23 - New driver instantiated
2019-05-31 15:28:21 INFO  DriverManager:23 - New driver instantiated
2019-05-31 15:28:21 INFO  DriverManager:23 - New driver instantiated
2019-05-31 15:28:21 INFO  DriverManager:23 - New driver instantiated
2019-05-31 15:28:21 INFO  DriverManager:23 - New driver instantiated
2019-05-31 15:28:21 INFO  DriverManager:23 - New driver instantiated
2019-05-31 15:28:21 INFO  DriverManager:23 - New driver instantiated
2019-05-31 15:28:21 INFO  AutorizationBO:13 - User enter emailtest2mailselenium@gmail.com in the login text box
2019-05-31 15:28:21 INFO  AutorizationBO:13 - User enter emailtest3mailSelenium@gmail.com in the login text box
2019-05-31 15:28:23 INFO  DriverManager:23 - New driver instantiated
2019-05-31 15:28:23 INFO  DriverManager:23 - New driver instantiated
2019-05-31 15:28:25 INFO  AutorizationBO:19 - Password enter passwordDriverManagerin the Password text box
2019-05-31 15:28:25 INFO  AutorizationBO:19 - Password enter passwordqwerty123QWERin the Password text box
2019-05-31 15:28:26 INFO  DriverManager:23 - New driver instantiated
2019-05-31 15:28:26 INFO  DriverManager:23 - New driver instantiated
2019-05-31 15:28:47 INFO  MarkAndDeleteImportantMessageBO:47 - 3 conversation marked as important
2019-05-31 15:28:47 INFO  DriverManager:23 - New driver instantiated
2019-05-31 15:28:48 INFO  DriverManager:23 - New driver instantiated
2019-05-31 15:28:48 INFO  MarkAndDeleteImportantMessageBO:47 - 3 conversation marked as important
2019-05-31 15:28:48 INFO  DriverManager:23 - New driver instantiated
2019-05-31 15:28:48 INFO  DriverManager:23 - New driver instantiated
2019-05-31 15:28:48 INFO  DriverManager:23 - New driver instantiated
2019-05-31 15:28:48 INFO  DriverManager:23 - New driver instantiated
2019-05-31 15:28:49 INFO  MarkAndDeleteImportantMessageBO:53 - Messages was choosen
2019-05-31 15:28:50 INFO  MarkAndDeleteImportantMessageBO:55 - Conversations are deleted
2019-05-31 15:28:50 INFO  DriverManager:23 - New driver instantiated
2019-05-31 15:28:50 INFO  DriverManager:23 - New driver instantiated
2019-05-31 15:28:50 INFO  DriverManager:23 - New driver instantiated
2019-05-31 15:28:50 INFO  DriverManager:24 - Result successchooseSomeImportantMessagesAndDeleteThem
2019-05-31 15:28:50 INFO  DriverManager:31 - Test FAILED: chooseSomeImportantMessagesAndDeleteThem
2019-05-31 15:28:52 INFO  FunctionalTest:29 - Browser closed
2019-05-31 15:28:52 INFO  FunctionalTest:29 - Browser closed
2019-06-02 11:28:09 INFO  DriverManager:23 - New driver instantiated
2019-06-02 11:28:09 INFO  DriverManager:23 - New driver instantiated
2019-06-02 11:28:15 INFO  FunctionalTest:22 - Web application launched
2019-06-02 11:28:15 INFO  DriverManager:23 - New driver instantiated
2019-06-02 11:28:15 INFO  FunctionalTest:22 - Web application launched
2019-06-02 11:28:15 INFO  DriverManager:23 - New driver instantiated
2019-06-02 11:28:15 INFO  DriverManager:39 - Testskipped
2019-06-02 11:28:15 INFO  DriverManager:39 - Testskipped
2019-06-02 11:29:00 INFO  DriverManager:23 - New driver instantiated
2019-06-02 11:29:00 INFO  DriverManager:23 - New driver instantiated
2019-06-02 11:29:07 INFO  FunctionalTest:22 - Web application launched
2019-06-02 11:29:07 INFO  DriverManager:23 - New driver instantiated
2019-06-02 11:29:07 INFO  FunctionalTest:22 - Web application launched
2019-06-02 11:29:07 INFO  DriverManager:23 - New driver instantiated
2019-06-02 11:29:07 INFO  DriverManager:18 - Teststarted running:chooseSomeImportantMessagesAndDeleteThem at:1559464147945
2019-06-02 11:29:07 INFO  DriverManager:18 - Teststarted running:chooseSomeImportantMessagesAndDeleteThem at:1559464147945
2019-06-02 11:29:08 INFO  DriverManager:23 - New driver instantiated
2019-06-02 11:29:08 INFO  DriverManager:23 - New driver instantiated
2019-06-02 11:29:08 INFO  DriverManager:23 - New driver instantiated
2019-06-02 11:29:08 INFO  DriverManager:23 - New driver instantiated
2019-06-02 11:29:09 INFO  DriverManager:23 - New driver instantiated
2019-06-02 11:29:09 INFO  DriverManager:23 - New driver instantiated
2019-06-02 11:29:09 INFO  DriverManager:23 - New driver instantiated
2019-06-02 11:29:09 INFO  DriverManager:23 - New driver instantiated
2019-06-02 11:29:09 INFO  DriverManager:23 - New driver instantiated
2019-06-02 11:29:09 INFO  DriverManager:23 - New driver instantiated
2019-06-02 11:29:09 INFO  DriverManager:23 - New driver instantiated
2019-06-02 11:29:09 INFO  DriverManager:23 - New driver instantiated
2019-06-02 11:29:09 INFO  AutorizationBO:13 - User enter emailtest3mailSelenium@gmail.com in the login text box
2019-06-02 11:29:09 INFO  AutorizationBO:13 - User enter emailtest2mailselenium@gmail.com in the login text box
2019-06-02 11:29:09 INFO  DriverManager:23 - New driver instantiated
2019-06-02 11:29:09 INFO  DriverManager:23 - New driver instantiated
2019-06-02 11:29:11 INFO  AutorizationBO:19 - Password enter passwordqwerty123QWERin the Password text box
2019-06-02 11:29:11 INFO  AutorizationBO:19 - Password enter passwordDriverManagerin the Password text box
2019-06-02 11:29:11 INFO  DriverManager:23 - New driver instantiated
2019-06-02 11:29:11 INFO  DriverManager:23 - New driver instantiated
2019-06-02 11:29:35 INFO  DriverManager:23 - New driver instantiated
2019-06-02 11:29:36 INFO  DriverManager:31 - Test FAILED: chooseSomeImportantMessagesAndDeleteThem
2019-06-02 11:29:36 INFO  MarkAndDeleteImportantMessageBO:47 - 3 conversation marked as important
2019-06-02 11:29:36 INFO  DriverManager:23 - New driver instantiated
2019-06-02 11:29:36 INFO  DriverManager:23 - New driver instantiated
2019-06-02 11:29:37 INFO  DriverManager:23 - New driver instantiated
2019-06-02 11:29:37 INFO  FunctionalTest:29 - Browser closed
2019-06-02 11:29:38 INFO  MarkAndDeleteImportantMessageBO:53 - Messages was choosen
2019-06-02 11:29:39 INFO  MarkAndDeleteImportantMessageBO:55 - Conversations are deleted
2019-06-02 11:29:39 INFO  DriverManager:23 - New driver instantiated
2019-06-02 11:29:39 INFO  DriverManager:23 - New driver instantiated
2019-06-02 11:29:39 INFO  DriverManager:24 - Result successchooseSomeImportantMessagesAndDeleteThem
2019-06-02 11:29:40 INFO  FunctionalTest:29 - Browser closed
2019-06-02 17:38:05 INFO  TestListener:40 - Testskipped
2019-06-02 17:38:53 INFO  DriverManager:23 - New driver instantiated
2019-06-02 17:38:53 INFO  DriverManager:23 - New driver instantiated
2019-06-02 17:39:02 INFO  FunctionalTest:22 - Web application launched
2019-06-02 17:39:02 INFO  DriverManager:23 - New driver instantiated
2019-06-02 17:39:02 INFO  TestListener:19 - Teststarted running:chooseSomeImportantMessagesAndDeleteThem at:1559486342249
2019-06-02 17:39:02 INFO  FunctionalTest:22 - Web application launched
2019-06-02 17:39:02 INFO  DriverManager:23 - New driver instantiated
2019-06-02 17:39:02 INFO  TestListener:19 - Teststarted running:chooseSomeImportantMessagesAndDeleteThem at:1559486342335
2019-06-02 17:39:02 INFO  DriverManager:23 - New driver instantiated
2019-06-02 17:39:02 INFO  DriverManager:23 - New driver instantiated
2019-06-02 17:39:02 INFO  DriverManager:23 - New driver instantiated
2019-06-02 17:39:02 INFO  DriverManager:23 - New driver instantiated
2019-06-02 17:39:02 INFO  DriverManager:23 - New driver instantiated
2019-06-02 17:39:02 INFO  DriverManager:23 - New driver instantiated
2019-06-02 17:39:02 INFO  DriverManager:23 - New driver instantiated
2019-06-02 17:39:02 INFO  DriverManager:23 - New driver instantiated
2019-06-02 17:39:02 INFO  DriverManager:23 - New driver instantiated
2019-06-02 17:39:02 INFO  DriverManager:23 - New driver instantiated
2019-06-02 17:39:02 INFO  DriverManager:23 - New driver instantiated
2019-06-02 17:39:02 INFO  DriverManager:23 - New driver instantiated
2019-06-02 17:39:02 INFO  AutorizationBO:14 - User enter emailtest3mailSelenium@gmail.com in the login text box
2019-06-02 17:39:02 INFO  AutorizationBO:14 - User enter emailtest2mailselenium@gmail.com in the login text box
2019-06-02 17:39:04 INFO  DriverManager:23 - New driver instantiated
2019-06-02 17:39:04 INFO  DriverManager:23 - New driver instantiated
2019-06-02 17:39:05 INFO  AutorizationBO:21 - Password enter passwordqwerty123QWERin the Password text box
2019-06-02 17:39:05 INFO  AutorizationBO:21 - Password enter passwordDriverManagerin the Password text box
2019-06-02 17:39:05 INFO  DriverManager:23 - New driver instantiated
2019-06-02 17:39:05 INFO  DriverManager:23 - New driver instantiated
2019-06-02 17:39:19 INFO  MarkAndDeleteImportantMessageBO:48 - 3 conversation marked as important
2019-06-02 17:39:19 INFO  DriverManager:23 - New driver instantiated
2019-06-02 17:39:20 INFO  DriverManager:23 - New driver instantiated
2019-06-02 17:39:20 INFO  MarkAndDeleteImportantMessageBO:48 - 3 conversation marked as important
2019-06-02 17:39:20 INFO  DriverManager:23 - New driver instantiated
2019-06-02 17:39:20 INFO  TestListener:32 - Test FAILED: chooseSomeImportantMessagesAndDeleteThem
2019-06-02 17:39:21 INFO  FunctionalTest:29 - Browser closed
2019-06-02 17:40:40 ERROR GmailHomePage:96 - Test failed
2019-06-02 17:40:40 INFO  DriverManager:23 - New driver instantiated
2019-06-02 17:42:00 INFO  DriverManager:23 - New driver instantiated
2019-06-02 17:42:00 INFO  TestListener:32 - Test FAILED: chooseSomeImportantMessagesAndDeleteThem
2019-06-02 17:42:01 INFO  FunctionalTest:29 - Browser closed
2019-06-02 17:56:34 INFO  DriverManager:23 - New driver instantiated
2019-06-02 17:56:34 INFO  DriverManager:23 - New driver instantiated
2019-06-02 17:56:42 INFO  FunctionalTest:22 - Web application launched
2019-06-02 17:56:42 INFO  DriverManager:23 - New driver instantiated
2019-06-02 17:56:42 INFO  TestListener:19 - Teststarted running:chooseSomeImportantMessagesAndDeleteThem at:1559487402501
2019-06-02 17:56:42 INFO  FunctionalTest:22 - Web application launched
2019-06-02 17:56:42 INFO  DriverManager:23 - New driver instantiated
2019-06-02 17:56:42 INFO  TestListener:19 - Teststarted running:chooseSomeImportantMessagesAndDeleteThem at:1559487402597
2019-06-02 17:56:42 INFO  DriverManager:23 - New driver instantiated
2019-06-02 17:56:42 INFO  DriverManager:23 - New driver instantiated
2019-06-02 17:56:42 INFO  DriverManager:23 - New driver instantiated
2019-06-02 17:56:42 INFO  DriverManager:23 - New driver instantiated
2019-06-02 17:56:42 INFO  DriverManager:23 - New driver instantiated
2019-06-02 17:56:42 INFO  DriverManager:23 - New driver instantiated
2019-06-02 17:56:42 INFO  DriverManager:23 - New driver instantiated
2019-06-02 17:56:42 INFO  DriverManager:23 - New driver instantiated
2019-06-02 17:56:42 INFO  DriverManager:23 - New driver instantiated
2019-06-02 17:56:42 INFO  DriverManager:23 - New driver instantiated
2019-06-02 17:56:42 INFO  DriverManager:23 - New driver instantiated
2019-06-02 17:56:42 INFO  DriverManager:23 - New driver instantiated
2019-06-02 17:56:42 INFO  AutorizationBO:14 - User enter emailtest3mailSelenium@gmail.com in the login text box
2019-06-02 17:56:42 INFO  AutorizationBO:14 - User enter emailtest2mailselenium@gmail.com in the login text box
2019-06-02 17:56:43 INFO  DriverManager:23 - New driver instantiated
2019-06-02 17:56:43 INFO  DriverManager:23 - New driver instantiated
2019-06-02 17:56:45 INFO  AutorizationBO:21 - Password enter passwordqwerty123QWERin the Password text box
2019-06-02 17:56:45 INFO  AutorizationBO:21 - Password enter passwordDriverManagerin the Password text box
2019-06-02 17:56:45 INFO  DriverManager:23 - New driver instantiated
2019-06-02 17:56:45 INFO  DriverManager:23 - New driver instantiated
2019-06-02 17:56:58 INFO  MarkAndDeleteImportantMessageBO:48 - 3 conversation marked as important
2019-06-02 17:56:58 INFO  DriverManager:23 - New driver instantiated
2019-06-02 17:56:59 INFO  DriverManager:23 - New driver instantiated
2019-06-02 17:56:59 INFO  DriverManager:23 - New driver instantiated
2019-06-02 17:56:59 INFO  MarkAndDeleteImportantMessageBO:48 - 3 conversation marked as important
2019-06-02 17:56:59 INFO  DriverManager:23 - New driver instantiated
2019-06-02 17:56:59 INFO  DriverManager:23 - New driver instantiated
2019-06-02 17:56:59 INFO  DriverManager:23 - New driver instantiated
2019-06-02 17:57:00 INFO  DriverManager:23 - New driver instantiated
2019-06-02 17:57:01 INFO  TestListener:32 - Test FAILED: chooseSomeImportantMessagesAndDeleteThem
2019-06-02 17:57:01 INFO  DriverManager:23 - New driver instantiated
2019-06-02 17:57:01 INFO  TestListener:32 - Test FAILED: chooseSomeImportantMessagesAndDeleteThem
2019-06-02 17:57:02 INFO  FunctionalTest:29 - Browser closed
2019-06-02 17:57:02 INFO  FunctionalTest:29 - Browser closed
2019-06-02 17:58:12 INFO  DriverManager:23 - New driver instantiated
2019-06-02 17:58:12 INFO  DriverManager:23 - New driver instantiated
2019-06-02 17:58:23 INFO  FunctionalTest:22 - Web application launched
2019-06-02 17:58:23 INFO  DriverManager:23 - New driver instantiated
2019-06-02 17:58:23 INFO  TestListener:19 - Teststarted running:chooseSomeImportantMessagesAndDeleteThem at:1559487503528
2019-06-02 17:58:23 INFO  DriverManager:23 - New driver instantiated
2019-06-02 17:58:23 INFO  DriverManager:23 - New driver instantiated
2019-06-02 17:58:23 INFO  FunctionalTest:22 - Web application launched
2019-06-02 17:58:23 INFO  DriverManager:23 - New driver instantiated
2019-06-02 17:58:23 INFO  DriverManager:23 - New driver instantiated
2019-06-02 17:58:23 INFO  DriverManager:23 - New driver instantiated
2019-06-02 17:58:23 INFO  TestListener:19 - Teststarted running:chooseSomeImportantMessagesAndDeleteThem at:1559487503965
2019-06-02 17:58:23 INFO  DriverManager:23 - New driver instantiated
2019-06-02 17:58:23 INFO  DriverManager:23 - New driver instantiated
2019-06-02 17:58:23 INFO  DriverManager:23 - New driver instantiated
2019-06-02 17:58:23 INFO  DriverManager:23 - New driver instantiated
2019-06-02 17:58:23 INFO  DriverManager:23 - New driver instantiated
2019-06-02 17:58:23 INFO  DriverManager:23 - New driver instantiated
2019-06-02 17:58:23 INFO  DriverManager:23 - New driver instantiated
2019-06-02 17:58:23 INFO  DriverManager:23 - New driver instantiated
2019-06-02 17:58:24 INFO  AutorizationBO:14 - User enter emailtest3mailSelenium@gmail.com in the login text box
2019-06-02 17:58:24 INFO  AutorizationBO:14 - User enter emailtest2mailselenium@gmail.com in the login text box
2019-06-02 17:58:25 INFO  DriverManager:23 - New driver instantiated
2019-06-02 17:58:26 INFO  DriverManager:23 - New driver instantiated
2019-06-02 17:58:27 INFO  AutorizationBO:21 - Password enter passwordqwerty123QWERin the Password text box
2019-06-02 17:58:27 INFO  AutorizationBO:21 - Password enter passwordDriverManagerin the Password text box
2019-06-02 17:58:28 INFO  DriverManager:23 - New driver instantiated
2019-06-02 17:58:28 INFO  DriverManager:23 - New driver instantiated
2019-06-02 17:58:49 INFO  MarkAndDeleteImportantMessageBO:48 - 3 conversation marked as important
2019-06-02 17:58:49 INFO  DriverManager:23 - New driver instantiated
2019-06-02 17:58:49 INFO  DriverManager:23 - New driver instantiated
2019-06-02 17:58:51 INFO  DriverManager:23 - New driver instantiated
2019-06-02 17:58:52 INFO  MarkAndDeleteImportantMessageBO:48 - 3 conversation marked as important
2019-06-02 17:58:52 INFO  DriverManager:23 - New driver instantiated
2019-06-02 17:58:53 INFO  DriverManager:23 - New driver instantiated
2019-06-02 17:58:53 INFO  TestListener:32 - Test FAILED: chooseSomeImportantMessagesAndDeleteThem
2019-06-02 17:58:55 INFO  FunctionalTest:29 - Browser closed
2019-06-02 17:59:15 INFO  DriverManager:23 - New driver instantiated
2019-06-02 17:59:15 INFO  DriverManager:23 - New driver instantiated
2019-06-02 17:59:17 INFO  MarkAndDeleteImportantMessageBO:54 - Messages was choosen
2019-06-02 17:59:17 INFO  MarkAndDeleteImportantMessageBO:56 - Conversations are deleted
2019-06-02 17:59:17 INFO  DriverManager:23 - New driver instantiated
2019-06-02 17:59:17 INFO  DriverManager:23 - New driver instantiated
2019-06-02 17:59:17 INFO  TestListener:25 - Result successchooseSomeImportantMessagesAndDeleteThem
2019-06-02 17:59:19 INFO  FunctionalTest:29 - Browser closed
2019-06-02 18:13:53 INFO  DriverManager:23 - New driver instantiated
2019-06-02 18:13:53 INFO  DriverManager:23 - New driver instantiated
2019-06-02 18:14:04 INFO  FunctionalTest:22 - Web application launched
2019-06-02 18:14:04 INFO  DriverManager:23 - New driver instantiated
2019-06-02 18:14:04 INFO  TestListener:19 - Teststarted running:chooseSomeImportantMessagesAndDeleteThem at:1559488444107
2019-06-02 18:14:04 INFO  FunctionalTest:22 - Web application launched
2019-06-02 18:14:04 INFO  DriverManager:23 - New driver instantiated
2019-06-02 18:14:04 INFO  TestListener:19 - Teststarted running:chooseSomeImportantMessagesAndDeleteThem at:1559488444175
2019-06-02 18:14:04 INFO  DriverManager:23 - New driver instantiated
2019-06-02 18:14:04 INFO  DriverManager:23 - New driver instantiated
2019-06-02 18:14:04 INFO  DriverManager:23 - New driver instantiated
2019-06-02 18:14:04 INFO  DriverManager:23 - New driver instantiated
2019-06-02 18:14:04 INFO  DriverManager:23 - New driver instantiated
2019-06-02 18:14:04 INFO  DriverManager:23 - New driver instantiated
2019-06-02 18:14:04 INFO  DriverManager:23 - New driver instantiated
2019-06-02 18:14:04 INFO  DriverManager:23 - New driver instantiated
2019-06-02 18:14:04 INFO  DriverManager:23 - New driver instantiated
2019-06-02 18:14:04 INFO  DriverManager:23 - New driver instantiated
2019-06-02 18:14:04 INFO  DriverManager:23 - New driver instantiated
2019-06-02 18:14:04 INFO  DriverManager:23 - New driver instantiated
2019-06-02 18:14:04 INFO  AutorizationBO:14 - User enter emailtest3mailSelenium@gmail.com in the login text box
2019-06-02 18:14:04 INFO  AutorizationBO:14 - User enter emailtest2mailselenium@gmail.com in the login text box
2019-06-02 18:14:06 INFO  DriverManager:23 - New driver instantiated
2019-06-02 18:14:07 INFO  DriverManager:23 - New driver instantiated
2019-06-02 18:14:07 INFO  AutorizationBO:21 - Password enter passwordqwerty123QWERin the Password text box
2019-06-02 18:14:08 INFO  DriverManager:23 - New driver instantiated
2019-06-02 18:14:08 INFO  AutorizationBO:21 - Password enter passwordDriverManagerin the Password text box
2019-06-02 18:14:09 INFO  DriverManager:23 - New driver instantiated
2019-06-02 18:14:26 INFO  MarkAndDeleteImportantMessageBO:48 - 3 conversation marked as important
2019-06-02 18:14:26 INFO  DriverManager:23 - New driver instantiated
2019-06-02 18:14:27 INFO  DriverManager:23 - New driver instantiated
2019-06-02 18:14:27 INFO  DriverManager:23 - New driver instantiated
2019-06-02 18:14:27 INFO  MarkAndDeleteImportantMessageBO:48 - 3 conversation marked as important
2019-06-02 18:14:27 INFO  DriverManager:23 - New driver instantiated
2019-06-02 18:14:28 INFO  DriverManager:23 - New driver instantiated
2019-06-02 18:14:28 INFO  DriverManager:23 - New driver instantiated
2019-06-02 18:14:29 INFO  MarkAndDeleteImportantMessageBO:54 - Messages was choosen
2019-06-02 18:14:29 INFO  MarkAndDeleteImportantMessageBO:56 - Conversations are deleted
2019-06-02 18:14:29 INFO  DriverManager:23 - New driver instantiated
2019-06-02 18:14:29 INFO  DriverManager:23 - New driver instantiated
2019-06-02 18:14:29 INFO  TestListener:25 - Result successchooseSomeImportantMessagesAndDeleteThem
2019-06-02 18:14:30 INFO  DriverManager:23 - New driver instantiated
2019-06-02 18:14:31 INFO  TestListener:32 - Test FAILED: chooseSomeImportantMessagesAndDeleteThem
2019-06-02 18:14:31 INFO  FunctionalTest:29 - Browser closed
2019-06-02 18:14:32 INFO  FunctionalTest:29 - Browser closed
2019-06-02 18:20:04 INFO  DriverManager:23 - New driver instantiated
2019-06-02 18:20:04 INFO  DriverManager:23 - New driver instantiated
2019-06-02 18:20:15 INFO  FunctionalTest:22 - Web application launched
2019-06-02 18:20:15 INFO  DriverManager:23 - New driver instantiated
2019-06-02 18:20:15 INFO  TestListener:19 - Teststarted running:chooseSomeImportantMessagesAndDeleteThem at:1559488815739
2019-06-02 18:20:15 INFO  FunctionalTest:22 - Web application launched
2019-06-02 18:20:15 INFO  DriverManager:23 - New driver instantiated
2019-06-02 18:20:15 INFO  TestListener:19 - Teststarted running:chooseSomeImportantMessagesAndDeleteThem at:1559488815788
2019-06-02 18:20:15 INFO  DriverManager:23 - New driver instantiated
2019-06-02 18:20:15 INFO  DriverManager:23 - New driver instantiated
2019-06-02 18:20:15 INFO  DriverManager:23 - New driver instantiated
2019-06-02 18:20:15 INFO  DriverManager:23 - New driver instantiated
2019-06-02 18:20:17 INFO  DriverManager:23 - New driver instantiated
2019-06-02 18:20:17 INFO  DriverManager:23 - New driver instantiated
2019-06-02 18:20:17 INFO  DriverManager:23 - New driver instantiated
2019-06-02 18:20:17 INFO  DriverManager:23 - New driver instantiated
2019-06-02 18:20:17 INFO  DriverManager:23 - New driver instantiated
2019-06-02 18:20:17 INFO  DriverManager:23 - New driver instantiated
2019-06-02 18:20:17 INFO  DriverManager:23 - New driver instantiated
2019-06-02 18:20:17 INFO  DriverManager:23 - New driver instantiated
2019-06-02 18:20:17 INFO  AutorizationBO:14 - User enter emailtest3mailSelenium@gmail.com in the login text box
2019-06-02 18:20:17 INFO  AutorizationBO:14 - User enter emailtest2mailselenium@gmail.com in the login text box
2019-06-02 18:20:19 INFO  DriverManager:23 - New driver instantiated
2019-06-02 18:20:19 INFO  DriverManager:23 - New driver instantiated
2019-06-02 18:20:20 INFO  AutorizationBO:21 - Password enter passwordDriverManagerin the Password text box
2019-06-02 18:20:20 INFO  AutorizationBO:21 - Password enter passwordqwerty123QWERin the Password text box
2019-06-02 18:20:21 INFO  DriverManager:23 - New driver instantiated
2019-06-02 18:20:21 INFO  DriverManager:23 - New driver instantiated
2019-06-02 18:21:39 INFO  MarkAndDeleteImportantMessageBO:48 - 3 conversation marked as important
2019-06-02 18:21:39 INFO  DriverManager:23 - New driver instantiated
2019-06-02 18:21:40 INFO  DriverManager:23 - New driver instantiated
2019-06-02 18:21:40 INFO  MarkAndDeleteImportantMessageBO:48 - 3 conversation marked as important
2019-06-02 18:21:40 INFO  DriverManager:23 - New driver instantiated
2019-06-02 18:21:40 INFO  DriverManager:23 - New driver instantiated
2019-06-02 18:21:40 INFO  DriverManager:23 - New driver instantiated
2019-06-02 18:21:41 INFO  DriverManager:23 - New driver instantiated
2019-06-02 18:21:42 INFO  MarkAndDeleteImportantMessageBO:54 - Messages was choosen
2019-06-02 18:21:42 INFO  MarkAndDeleteImportantMessageBO:56 - Conversations are deleted
2019-06-02 18:21:42 INFO  DriverManager:23 - New driver instantiated
2019-06-02 18:21:43 INFO  DriverManager:23 - New driver instantiated
2019-06-02 18:21:43 INFO  MarkAndDeleteImportantMessageBO:54 - Messages was choosen
2019-06-02 18:21:43 INFO  TestListener:25 - Result successchooseSomeImportantMessagesAndDeleteThem
2019-06-02 18:21:43 INFO  MarkAndDeleteImportantMessageBO:56 - Conversations are deleted
2019-06-02 18:21:43 INFO  DriverManager:23 - New driver instantiated
2019-06-02 18:21:43 INFO  DriverManager:23 - New driver instantiated
2019-06-02 18:21:43 INFO  TestListener:25 - Result successchooseSomeImportantMessagesAndDeleteThem
2019-06-02 18:21:45 INFO  FunctionalTest:29 - Browser closed
2019-06-02 18:21:45 INFO  FunctionalTest:29 - Browser closed
2019-06-02 18:22:10 INFO  DriverManager:23 - New driver instantiated
2019-06-02 18:22:10 INFO  DriverManager:23 - New driver instantiated
2019-06-02 18:22:22 INFO  FunctionalTest:22 - Web application launched
2019-06-02 18:22:22 INFO  DriverManager:23 - New driver instantiated
2019-06-02 18:22:22 INFO  TestListener:19 - Teststarted running:chooseSomeImportantMessagesAndDeleteThem at:1559488942311
2019-06-02 18:22:22 INFO  DriverManager:23 - New driver instantiated
2019-06-02 18:22:22 INFO  DriverManager:23 - New driver instantiated
2019-06-02 18:22:22 INFO  FunctionalTest:22 - Web application launched
2019-06-02 18:22:22 INFO  DriverManager:23 - New driver instantiated
2019-06-02 18:22:22 INFO  TestListener:19 - Teststarted running:chooseSomeImportantMessagesAndDeleteThem at:1559488942521
2019-06-02 18:22:22 INFO  DriverManager:23 - New driver instantiated
2019-06-02 18:22:22 INFO  DriverManager:23 - New driver instantiated
2019-06-02 18:22:22 INFO  DriverManager:23 - New driver instantiated
2019-06-02 18:22:22 INFO  DriverManager:23 - New driver instantiated
2019-06-02 18:22:22 INFO  DriverManager:23 - New driver instantiated
2019-06-02 18:22:22 INFO  DriverManager:23 - New driver instantiated
2019-06-02 18:22:22 INFO  DriverManager:23 - New driver instantiated
2019-06-02 18:22:22 INFO  DriverManager:23 - New driver instantiated
2019-06-02 18:22:22 INFO  DriverManager:23 - New driver instantiated
2019-06-02 18:22:22 INFO  DriverManager:23 - New driver instantiated
2019-06-02 18:22:22 INFO  AutorizationBO:14 - User enter emailtest3mailSelenium@gmail.com in the login text box
2019-06-02 18:22:22 INFO  AutorizationBO:14 - User enter emailtest2mailselenium@gmail.com in the login text box
2019-06-02 18:22:23 INFO  DriverManager:23 - New driver instantiated
2019-06-02 18:22:23 INFO  DriverManager:23 - New driver instantiated
2019-06-02 18:22:24 INFO  AutorizationBO:21 - Password enter passwordDriverManagerin the Password text box
2019-06-02 18:22:25 INFO  AutorizationBO:21 - Password enter passwordqwerty123QWERin the Password text box
2019-06-02 18:22:25 INFO  DriverManager:23 - New driver instantiated
2019-06-02 18:22:25 INFO  DriverManager:23 - New driver instantiated
2019-06-02 18:22:50 INFO  MarkAndDeleteImportantMessageBO:48 - 3 conversation marked as important
2019-06-02 18:22:50 INFO  DriverManager:23 - New driver instantiated
2019-06-02 18:22:51 INFO  DriverManager:23 - New driver instantiated
2019-06-02 18:22:52 INFO  DriverManager:23 - New driver instantiated
2019-06-02 18:22:53 INFO  MarkAndDeleteImportantMessageBO:48 - 3 conversation marked as important
2019-06-02 18:22:53 INFO  DriverManager:23 - New driver instantiated
2019-06-02 18:22:55 INFO  MarkAndDeleteImportantMessageBO:54 - Messages was choosen
2019-06-02 18:22:55 INFO  MarkAndDeleteImportantMessageBO:56 - Conversations are deleted
2019-06-02 18:22:55 INFO  DriverManager:23 - New driver instantiated
2019-06-02 18:22:55 INFO  DriverManager:23 - New driver instantiated
2019-06-02 18:22:55 INFO  TestListener:25 - Result successchooseSomeImportantMessagesAndDeleteThem
2019-06-02 18:22:58 INFO  FunctionalTest:29 - Browser closed
2019-06-02 18:22:59 INFO  DriverManager:23 - New driver instantiated
2019-06-02 18:22:59 INFO  DriverManager:23 - New driver instantiated
2019-06-02 18:23:03 INFO  DriverManager:23 - New driver instantiated
2019-06-02 18:23:04 INFO  TestListener:32 - Test FAILED: chooseSomeImportantMessagesAndDeleteThem
2019-06-02 18:23:05 INFO  FunctionalTest:29 - Browser closed
2019-06-02 18:31:17 INFO  DriverManager:23 - New driver instantiated
2019-06-02 18:31:17 INFO  DriverManager:23 - New driver instantiated
2019-06-02 18:31:26 INFO  FunctionalTest:22 - Web application launched
2019-06-02 18:31:26 INFO  DriverManager:23 - New driver instantiated
2019-06-02 18:31:26 INFO  FunctionalTest:22 - Web application launched
2019-06-02 18:31:26 INFO  DriverManager:23 - New driver instantiated
2019-06-02 18:31:26 INFO  TestListener:20 - Teststarted running:chooseSomeImportantMessagesAndDeleteThem at:1559489486403
2019-06-02 18:31:26 INFO  TestListener:20 - Teststarted running:chooseSomeImportantMessagesAndDeleteThem at:1559489486403
2019-06-02 18:31:26 INFO  DriverManager:23 - New driver instantiated
2019-06-02 18:31:26 INFO  DriverManager:23 - New driver instantiated
2019-06-02 18:31:26 INFO  DriverManager:23 - New driver instantiated
2019-06-02 18:31:26 INFO  DriverManager:23 - New driver instantiated
2019-06-02 18:31:27 INFO  DriverManager:23 - New driver instantiated
2019-06-02 18:31:27 INFO  DriverManager:23 - New driver instantiated
2019-06-02 18:31:27 INFO  DriverManager:23 - New driver instantiated
2019-06-02 18:31:27 INFO  DriverManager:23 - New driver instantiated
2019-06-02 18:31:27 INFO  DriverManager:23 - New driver instantiated
2019-06-02 18:31:27 INFO  DriverManager:23 - New driver instantiated
2019-06-02 18:31:27 INFO  DriverManager:23 - New driver instantiated
2019-06-02 18:31:27 INFO  DriverManager:23 - New driver instantiated
2019-06-02 18:31:27 INFO  AutorizationBO:14 - User enter emailtest3mailSelenium@gmail.com in the login text box
2019-06-02 18:31:27 INFO  AutorizationBO:14 - User enter emailtest2mailselenium@gmail.com in the login text box
2019-06-02 18:31:28 INFO  DriverManager:23 - New driver instantiated
2019-06-02 18:31:28 INFO  DriverManager:23 - New driver instantiated
2019-06-02 18:31:29 INFO  AutorizationBO:21 - Password enter passwordqwerty123QWERin the Password text box
2019-06-02 18:31:30 INFO  DriverManager:23 - New driver instantiated
2019-06-02 18:31:30 INFO  AutorizationBO:21 - Password enter passwordDriverManagerin the Password text box
2019-06-02 18:31:31 INFO  DriverManager:23 - New driver instantiated
2019-06-02 20:49:45 INFO  DriverManager:23 - New driver instantiated
2019-06-02 20:49:45 INFO  DriverManager:23 - New driver instantiated
2019-06-02 20:50:12 INFO  FunctionalTest:22 - Web application launched
2019-06-02 20:50:12 INFO  DriverManager:23 - New driver instantiated
2019-06-02 20:50:12 INFO  FunctionalTest:22 - Web application launched
2019-06-02 20:50:12 INFO  DriverManager:23 - New driver instantiated
2019-06-02 20:50:12 INFO  TestListener:41 - Testskipped
2019-06-02 20:50:12 INFO  DriverManager:23 - New driver instantiated
2019-06-02 20:50:12 INFO  DriverManager:23 - New driver instantiated
2019-06-02 20:50:13 INFO  TestListener:41 - Testskipped
2019-06-02 20:50:13 INFO  DriverManager:23 - New driver instantiated
2019-06-02 20:50:13 INFO  DriverManager:23 - New driver instantiated
2019-06-02 21:24:00 INFO  DriverManager:23 - New driver instantiated
2019-06-02 21:24:00 INFO  DriverManager:23 - New driver instantiated
2019-06-02 21:24:10 INFO  FunctionalTest:22 - Web application launched
2019-06-02 21:24:10 INFO  DriverManager:23 - New driver instantiated
2019-06-02 21:24:10 INFO  FunctionalTest:22 - Web application launched
2019-06-02 21:24:10 INFO  DriverManager:23 - New driver instantiated
2019-06-02 21:24:10 INFO  TestListener:20 - Teststarted running:chooseSomeImportantMessagesAndDeleteThem at:1559499850121
2019-06-02 21:24:10 INFO  TestListener:20 - Teststarted running:chooseSomeImportantMessagesAndDeleteThem at:1559499850121
2019-06-02 21:24:10 INFO  DriverManager:23 - New driver instantiated
2019-06-02 21:24:10 INFO  DriverManager:23 - New driver instantiated
2019-06-02 21:24:10 INFO  DriverManager:23 - New driver instantiated
2019-06-02 21:24:10 INFO  DriverManager:23 - New driver instantiated
2019-06-02 21:24:10 INFO  DriverManager:23 - New driver instantiated
2019-06-02 21:24:10 INFO  DriverManager:23 - New driver instantiated
2019-06-02 21:24:10 INFO  DriverManager:23 - New driver instantiated
2019-06-02 21:24:10 INFO  DriverManager:23 - New driver instantiated
2019-06-02 21:24:10 INFO  DriverManager:23 - New driver instantiated
2019-06-02 21:24:10 INFO  DriverManager:23 - New driver instantiated
2019-06-02 21:24:10 INFO  DriverManager:23 - New driver instantiated
2019-06-02 21:24:10 INFO  DriverManager:23 - New driver instantiated
2019-06-02 21:24:10 INFO  AutorizationBO:14 - User enter emailtest3mailSelenium@gmail.com in the login text box
2019-06-02 21:24:10 INFO  AutorizationBO:14 - User enter emailtest2mailselenium@gmail.com in the login text box
2019-06-02 21:24:11 INFO  DriverManager:23 - New driver instantiated
2019-06-02 21:24:11 INFO  DriverManager:23 - New driver instantiated
2019-06-02 21:24:12 INFO  AutorizationBO:21 - Password enter passwordDriverManagerin the Password text box
2019-06-02 21:24:12 INFO  AutorizationBO:21 - Password enter passwordqwerty123QWERin the Password text box
2019-06-02 21:24:12 INFO  DriverManager:23 - New driver instantiated
2019-06-02 21:24:12 INFO  DriverManager:23 - New driver instantiated
2019-06-02 21:24:25 INFO  MarkAndDeleteImportantMessageBO:48 - 3 conversation marked as important
2019-06-02 21:24:25 INFO  DriverManager:23 - New driver instantiated
2019-06-02 21:24:26 INFO  DriverManager:23 - New driver instantiated
2019-06-02 21:24:26 INFO  MarkAndDeleteImportantMessageBO:48 - 3 conversation marked as important
2019-06-02 21:24:26 INFO  DriverManager:23 - New driver instantiated
2019-06-02 21:24:26 INFO  DriverManager:23 - New driver instantiated
2019-06-02 21:24:27 INFO  MarkAndDeleteImportantMessageBO:54 - Messages was choosen
2019-06-02 21:24:27 INFO  MarkAndDeleteImportantMessageBO:56 - Conversations are deleted
2019-06-02 21:24:27 INFO  DriverManager:23 - New driver instantiated
2019-06-02 21:24:28 INFO  DriverManager:23 - New driver instantiated
2019-06-02 21:24:28 INFO  TestListener:26 - Result successchooseSomeImportantMessagesAndDeleteThem
2019-06-02 21:24:28 INFO  FunctionalTest:29 - Browser closed
2019-06-02 21:25:46 ERROR GmailHomePage:96 - Test failed
2019-06-02 21:25:46 INFO  DriverManager:23 - New driver instantiated
2019-06-02 21:25:52 INFO  TestListener:32 - Test FAILED: chooseSomeImportantMessagesAndDeleteThem
2019-06-02 21:25:52 INFO  DriverManager:23 - New driver instantiated
2019-06-02 21:25:52 INFO  DriverManager:23 - New driver instantiated
2019-06-02 21:25:52 INFO  TestListener:32 - Test FAILED: chooseSomeImportantMessagesAndDeleteThem
2019-06-02 21:25:52 INFO  DriverManager:23 - New driver instantiated
2019-06-02 21:35:39 INFO  DriverManager:23 - New driver instantiated
2019-06-02 21:35:49 INFO  FunctionalTest:22 - Web application launched
2019-06-02 21:35:49 INFO  DriverManager:23 - New driver instantiated
2019-06-02 21:35:49 INFO  TestListener:20 - Teststarted running:chooseSomeImportantMessagesAndDeleteThem at:1559500549233
2019-06-02 21:35:49 INFO  DriverManager:23 - New driver instantiated
2019-06-02 21:35:49 INFO  DriverManager:23 - New driver instantiated
2019-06-02 21:35:49 INFO  DriverManager:23 - New driver instantiated
2019-06-02 21:35:49 INFO  DriverManager:23 - New driver instantiated
2019-06-02 21:35:49 INFO  DriverManager:23 - New driver instantiated
2019-06-02 21:35:49 INFO  DriverManager:23 - New driver instantiated
2019-06-02 21:35:49 INFO  AutorizationBO:14 - User enter emailtest2mailselenium@gmail.com in the login text box
2019-06-02 21:35:50 INFO  DriverManager:23 - New driver instantiated
2019-06-02 21:35:51 INFO  AutorizationBO:21 - Password enter passwordqwerty123QWERin the Password text box
2019-06-02 21:35:51 INFO  DriverManager:23 - New driver instantiated
2019-06-02 21:36:02 INFO  MarkAndDeleteImportantMessageBO:48 - 3 conversation marked as important
2019-06-02 21:36:02 INFO  DriverManager:23 - New driver instantiated
2019-06-02 21:36:02 INFO  DriverManager:23 - New driver instantiated
2019-06-02 21:36:02 INFO  DriverManager:23 - New driver instantiated
2019-06-02 21:36:04 INFO  MarkAndDeleteImportantMessageBO:54 - Messages was choosen
2019-06-02 21:36:04 INFO  MarkAndDeleteImportantMessageBO:56 - Conversations are deleted
2019-06-02 21:36:04 INFO  DriverManager:23 - New driver instantiated
2019-06-02 21:36:04 INFO  DriverManager:23 - New driver instantiated
2019-06-02 21:36:05 INFO  TestListener:26 - Result successchooseSomeImportantMessagesAndDeleteThem
2019-06-02 21:36:05 INFO  FunctionalTest:29 - Browser closed
2019-06-02 21:36:59 INFO  DriverManager:23 - New driver instantiated
2019-06-02 21:37:07 INFO  FunctionalTest:22 - Web application launched
2019-06-02 21:37:07 INFO  DriverManager:23 - New driver instantiated
2019-06-02 21:37:07 INFO  TestListener:20 - Teststarted running:chooseSomeImportantMessagesAndDeleteThem at:1559500627993
2019-06-02 21:37:08 INFO  DriverManager:23 - New driver instantiated
2019-06-02 21:37:08 INFO  DriverManager:23 - New driver instantiated
2019-06-02 21:37:08 INFO  DriverManager:23 - New driver instantiated
2019-06-02 21:37:08 INFO  DriverManager:23 - New driver instantiated
2019-06-02 21:37:08 INFO  DriverManager:23 - New driver instantiated
2019-06-02 21:37:08 INFO  DriverManager:23 - New driver instantiated
2019-06-02 21:37:08 INFO  AutorizationBO:14 - User enter emailtest2mailselenium@gmail.com in the login text box
2019-06-02 21:37:09 INFO  DriverManager:23 - New driver instantiated
2019-06-02 21:37:10 INFO  AutorizationBO:21 - Password enter passwordqwerty123QWERin the Password text box
2019-06-02 21:37:11 INFO  DriverManager:23 - New driver instantiated
2019-06-02 21:37:23 INFO  MarkAndDeleteImportantMessageBO:48 - 3 conversation marked as important
2019-06-02 21:37:23 INFO  DriverManager:23 - New driver instantiated
2019-06-02 21:37:23 INFO  DriverManager:23 - New driver instantiated
2019-06-02 21:37:24 INFO  DriverManager:23 - New driver instantiated
2019-06-02 21:37:25 INFO  MarkAndDeleteImportantMessageBO:54 - Messages was choosen
2019-06-02 21:37:26 INFO  MarkAndDeleteImportantMessageBO:56 - Conversations are deleted
2019-06-02 21:37:26 INFO  DriverManager:23 - New driver instantiated
2019-06-02 21:37:26 INFO  DriverManager:23 - New driver instantiated
2019-06-02 21:37:26 INFO  TestListener:26 - Result successchooseSomeImportantMessagesAndDeleteThem
2019-06-02 21:37:27 INFO  FunctionalTest:29 - Browser closed
2019-06-02 23:10:41 INFO  DriverManager:23 - New driver instantiated
2019-06-02 23:10:54 INFO  FunctionalTest:22 - Web application launched
2019-06-02 23:10:54 INFO  DriverManager:23 - New driver instantiated
2019-06-02 23:10:54 INFO  TestListener:20 - Teststarted running:chooseSomeImportantMessagesAndDeleteThem at:1559506254825
2019-06-02 23:10:55 INFO  DriverManager:23 - New driver instantiated
2019-06-02 23:10:55 INFO  DriverManager:23 - New driver instantiated
2019-06-02 23:10:55 INFO  DriverManager:23 - New driver instantiated
2019-06-02 23:10:55 INFO  DriverManager:23 - New driver instantiated
2019-06-02 23:10:55 INFO  DriverManager:23 - New driver instantiated
2019-06-02 23:10:55 INFO  DriverManager:23 - New driver instantiated
2019-06-02 23:10:55 INFO  AutorizationBO:14 - User enter emailtest2mailselenium@gmail.com in the login text box
2019-06-02 23:10:57 INFO  DriverManager:23 - New driver instantiated
2019-06-02 23:10:59 INFO  AutorizationBO:21 - Password enter passwordqwerty123QWERin the Password text box
2019-06-02 23:10:59 INFO  DriverManager:23 - New driver instantiated
2019-06-02 23:11:17 INFO  TestListener:32 - Test FAILED: chooseSomeImportantMessagesAndDeleteThem
2019-06-02 23:11:17 INFO  DriverManager:23 - New driver instantiated
2019-06-02 23:11:17 INFO  DriverManager:23 - New driver instantiated
2019-06-02 23:11:20 INFO  FunctionalTest:29 - Browser closed
2019-06-02 23:14:01 INFO  DriverManager:23 - New driver instantiated
2019-06-02 23:14:11 INFO  FunctionalTest:22 - Web application launched
2019-06-02 23:14:11 INFO  DriverManager:23 - New driver instantiated
2019-06-02 23:14:11 INFO  TestListener:20 - Teststarted running:chooseSomeImportantMessagesAndDeleteThem at:1559506451666
2019-06-02 23:14:11 INFO  DriverManager:23 - New driver instantiated
2019-06-02 23:14:11 INFO  DriverManager:23 - New driver instantiated
2019-06-02 23:14:11 INFO  DriverManager:23 - New driver instantiated
2019-06-02 23:14:11 INFO  DriverManager:23 - New driver instantiated
2019-06-02 23:14:11 INFO  DriverManager:23 - New driver instantiated
2019-06-02 23:14:11 INFO  DriverManager:23 - New driver instantiated
2019-06-02 23:14:12 INFO  AutorizationBO:14 - User enter emailtest2mailselenium@gmail.com in the login text box
2019-06-02 23:14:13 INFO  DriverManager:23 - New driver instantiated
2019-06-02 23:14:14 INFO  AutorizationBO:21 - Password enter passwordqwerty123QWERin the Password text box
2019-06-02 23:14:15 INFO  DriverManager:23 - New driver instantiated
2019-06-02 23:14:26 INFO  TestListener:32 - Test FAILED: chooseSomeImportantMessagesAndDeleteThem
2019-06-02 23:14:26 INFO  DriverManager:23 - New driver instantiated
2019-06-02 23:14:26 INFO  DriverManager:23 - New driver instantiated
2019-06-02 23:14:28 INFO  FunctionalTest:29 - Browser closed
2019-06-02 23:20:26 INFO  DriverManager:23 - New driver instantiated
2019-06-02 23:20:34 INFO  FunctionalTest:22 - Web application launched
2019-06-02 23:20:34 INFO  DriverManager:23 - New driver instantiated
2019-06-02 23:20:34 INFO  TestListener:20 - Teststarted running:chooseSomeImportantMessagesAndDeleteThem at:1559506834433
2019-06-02 23:20:34 INFO  DriverManager:23 - New driver instantiated
2019-06-02 23:20:34 INFO  DriverManager:23 - New driver instantiated
2019-06-02 23:20:34 INFO  DriverManager:23 - New driver instantiated
2019-06-02 23:20:34 INFO  DriverManager:23 - New driver instantiated
2019-06-02 23:20:34 INFO  DriverManager:23 - New driver instantiated
2019-06-02 23:20:34 INFO  DriverManager:23 - New driver instantiated
2019-06-02 23:20:34 INFO  AutorizationBO:14 - User enter emailtest3mailSelenium@gmail.com in the login text box
2019-06-02 23:20:35 INFO  DriverManager:23 - New driver instantiated
2019-06-02 23:20:36 INFO  AutorizationBO:21 - Password enter passwordDriverManagerin the Password text box
2019-06-02 23:20:36 INFO  DriverManager:23 - New driver instantiated
2019-06-02 23:20:44 INFO  MarkAndDeleteImportantMessageBO:48 - 3 conversation marked as important
2019-06-02 23:20:44 INFO  DriverManager:23 - New driver instantiated
2019-06-02 23:20:44 INFO  DriverManager:23 - New driver instantiated
2019-06-02 23:20:44 INFO  DriverManager:23 - New driver instantiated
2019-06-02 23:20:46 INFO  MarkAndDeleteImportantMessageBO:54 - Messages was choosen
2019-06-02 23:20:46 INFO  MarkAndDeleteImportantMessageBO:56 - Conversations are deleted
2019-06-02 23:20:46 INFO  DriverManager:23 - New driver instantiated
2019-06-02 23:20:46 INFO  DriverManager:23 - New driver instantiated
2019-06-02 23:20:46 INFO  TestListener:26 - Result successchooseSomeImportantMessagesAndDeleteThem
2019-06-02 23:20:47 INFO  FunctionalTest:29 - Browser closed
